nmds.log
Run 0 stress 0.0642928 
Run 1 stress 0.06531576 
Run 2 stress 0.07484722 
Run 3 stress 0.06726322 
Run 4 stress 0.08928854 
Run 5 stress 0.343572 
Run 6 stress 0.06639613 
Run 7 stress 0.08607373 
Run 8 stress 0.07347089 
Run 9 stress 0.06639613 
Run 10 stress 0.0734709 
Run 11 stress 0.07540229 
Run 12 stress 0.08792633 
Run 13 stress 0.07077934 
Run 14 stress 0.08603452 
Run 15 stress 0.06531576 
Run 16 stress 0.3815745 
Run 17 stress 0.06535094 
Run 18 stress 0.07045649 
Run 19 stress 0.0663938 
Run 20 stress 0.06726322 
Run 21 stress 0.0653508 
Run 22 stress 0.0642928 
... New best solution
... Procrustes: rmse 1.252022e-05  max resid 2.905602e-05 
... Similar to previous best
*** Solution reached
